<?xml version="1.0" encoding="UTF-8"?>
<testng-results ignored="0" total="2" passed="0" failed="2" skipped="0">
  <reporter-output>
  </reporter-output>
  <suite started-at="2025-04-12T13:03:07 IST" name="Suite" finished-at="2025-04-12T13:03:17 IST" duration-ms="10333">
    <groups>
    </groups>
    <test started-at="2025-04-12T13:03:07 IST" name="Test" finished-at="2025-04-12T13:03:17 IST" duration-ms="10333">
      <class name="tests.TestCasesClass">
        <test-method is-config="true" signature="launchApplication()[pri:0, instance:tests.TestCasesClass@14cd1699]" started-at="2025-04-12T13:03:07 IST" name="launchApplication" finished-at="2025-04-12T13:03:15 IST" duration-ms="8533" status="PASS">
          <reporter-output>
          </reporter-output>
        </test-method> <!-- launchApplication -->
        <test-method is-config="true" signature="launchApplication()[pri:0, instance:tests.TestCasesClass@14cd1699]" started-at="2025-04-12T13:03:07 IST" name="launchApplication" finished-at="2025-04-12T13:03:16 IST" duration-ms="9557" status="PASS">
          <reporter-output>
          </reporter-output>
        </test-method> <!-- launchApplication -->
        <test-method signature="TestCase2()[pri:0, instance:tests.TestCasesClass@14cd1699]" started-at="2025-04-12T13:03:15 IST" name="TestCase2" finished-at="2025-04-12T13:03:17 IST" duration-ms="1540" status="FAIL">
          <exception class="java.lang.NullPointerException">
            <message>
              <![CDATA[Cannot invoke "String.replaceAll(String, String)" because "sTestCaseName" is null]]>
            </message>
            <full-stacktrace>
              <![CDATA[java.lang.NullPointerException: Cannot invoke "String.replaceAll(String, String)" because "sTestCaseName" is null
at testBase.MyLogger.startTestCase(MyLogger.java:15)
at tests.TestCasesClass.TestCase2(TestCasesClass.java:19)
at java.base/jdk.internal.reflect.DirectMethodHandleAccessor.invoke(DirectMethodHandleAccessor.java:103)
at java.base/java.lang.reflect.Method.invoke(Method.java:580)
at org.testng.internal.MethodInvocationHelper.invokeMethod(MethodInvocationHelper.java:133)
at org.testng.internal.TestInvoker.invokeMethod(TestInvoker.java:598)
at org.testng.internal.TestInvoker.invokeTestMethod(TestInvoker.java:173)
at org.testng.internal.MethodRunner.runInSequence(MethodRunner.java:46)
at org.testng.internal.TestInvoker$MethodInvocationAgent.invoke(TestInvoker.java:824)
at org.testng.internal.TestInvoker.invokeTestMethods(TestInvoker.java:146)
at org.testng.internal.TestMethodWorker.invokeTestMethods(TestMethodWorker.java:146)
at org.testng.internal.TestMethodWorker.run(TestMethodWorker.java:128)
at java.base/java.util.concurrent.ThreadPoolExecutor.runWorker(ThreadPoolExecutor.java:1144)
at java.base/java.util.concurrent.ThreadPoolExecutor$Worker.run(ThreadPoolExecutor.java:642)
at java.base/java.lang.Thread.run(Thread.java:1575)
]]>
            </full-stacktrace>
          </exception> <!-- java.lang.NullPointerException -->
          <reporter-output>
          </reporter-output>
        </test-method> <!-- TestCase2 -->
        <test-method signature="TestCase1()[pri:0, instance:tests.TestCasesClass@14cd1699]" started-at="2025-04-12T13:03:16 IST" name="TestCase1" finished-at="2025-04-12T13:03:17 IST" duration-ms="518" status="FAIL">
          <exception class="java.lang.NullPointerException">
            <message>
              <![CDATA[Cannot invoke "String.replaceAll(String, String)" because "sTestCaseName" is null]]>
            </message>
            <full-stacktrace>
              <![CDATA[java.lang.NullPointerException: Cannot invoke "String.replaceAll(String, String)" because "sTestCaseName" is null
at testBase.MyLogger.startTestCase(MyLogger.java:15)
at tests.TestCasesClass.TestCase1(TestCasesClass.java:12)
at java.base/jdk.internal.reflect.DirectMethodHandleAccessor.invoke(DirectMethodHandleAccessor.java:103)
at java.base/java.lang.reflect.Method.invoke(Method.java:580)
at org.testng.internal.MethodInvocationHelper.invokeMethod(MethodInvocationHelper.java:133)
at org.testng.internal.TestInvoker.invokeMethod(TestInvoker.java:598)
at org.testng.internal.TestInvoker.invokeTestMethod(TestInvoker.java:173)
at org.testng.internal.MethodRunner.runInSequence(MethodRunner.java:46)
at org.testng.internal.TestInvoker$MethodInvocationAgent.invoke(TestInvoker.java:824)
at org.testng.internal.TestInvoker.invokeTestMethods(TestInvoker.java:146)
at org.testng.internal.TestMethodWorker.invokeTestMethods(TestMethodWorker.java:146)
at org.testng.internal.TestMethodWorker.run(TestMethodWorker.java:128)
at java.base/java.util.concurrent.ThreadPoolExecutor.runWorker(ThreadPoolExecutor.java:1144)
at java.base/java.util.concurrent.ThreadPoolExecutor$Worker.run(ThreadPoolExecutor.java:642)
at java.base/java.lang.Thread.run(Thread.java:1575)
]]>
            </full-stacktrace>
          </exception> <!-- java.lang.NullPointerException -->
          <reporter-output>
          </reporter-output>
        </test-method> <!-- TestCase1 -->
        <test-method is-config="true" signature="tearDown()[pri:0, instance:tests.TestCasesClass@14cd1699]" started-at="2025-04-12T13:03:17 IST" name="tearDown" finished-at="2025-04-12T13:03:17 IST" duration-ms="225" status="PASS">
          <reporter-output>
          </reporter-output>
        </test-method> <!-- tearDown -->
        <test-method is-config="true" signature="tearDown()[pri:0, instance:tests.TestCasesClass@14cd1699]" started-at="2025-04-12T13:03:17 IST" name="tearDown" finished-at="2025-04-12T13:03:17 IST" duration-ms="218" status="PASS">
          <reporter-output>
          </reporter-output>
        </test-method> <!-- tearDown -->
      </class> <!-- tests.TestCasesClass -->
    </test> <!-- Test -->
  </suite> <!-- Suite -->
</testng-results>
